This file contains any messages produced by compilers while
running configure, to aid debugging if configure makes a mistake.

It was created by sdk configure 1.0.0, which was
generated by GNU Autoconf 2.69.  Invocation command line was

  $ ./configure 

## --------- ##
## Platform. ##
## --------- ##

hostname = LAPTOP-DRUP8OO9
uname -m = x86_64
uname -r = 3.1.6-340.x86_64
uname -s = MINGW64_NT-10.0-18363
uname -v = 2020-07-17 05:52 UTC

/usr/bin/uname -p = unknown
/bin/uname -X     = unknown

/bin/arch              = x86_64
/usr/bin/arch -k       = unknown
/usr/convex/getsysinfo = unknown
/usr/bin/hostinfo      = unknown
/bin/machine           = unknown
/usr/bin/oslevel       = unknown
/bin/universe          = unknown

PATH: /mingw64/bin
PATH: /usr/local/bin
PATH: /usr/bin
PATH: /bin
PATH: /c/Windows/System32
PATH: /c/Windows
PATH: /c/Windows/System32/Wbem
PATH: /c/Windows/System32/WindowsPowerShell/v1.0/
PATH: /usr/bin/site_perl
PATH: /usr/bin/vendor_perl
PATH: /usr/bin/core_perl


## ----------- ##
## Core tests. ##
## ----------- ##

configure:2436: loading site script /mingw64/etc/config.site
| # This file is in public domain.
| # Original author: Karlson2k (Evgeny Grin)
| # Written for MSys2/MinGW64 to help running 'configure' scripts
| 
| # Defaults for MinGW64-targeted programs
| 
| # Set proper selfname on bash and fallback to default name on other shells
| test -n "${BASH_SOURCE}" 2>/dev/null && config_site_me="${BASH_SOURCE[0]##*/}" || config_site_me=config.site
| 
| # Set default 'host' to speedup configure
| if test -z "$build_alias"; then
|   build_alias="${MSYSTEM_CHOST-x86_64-w64-mingw32}" && \
|     ${as_echo-echo} "$config_site_me:${as_lineno-$LINENO}: default build_alias set to $build_alias" >&5
| fi
| 
| # Set default 'prefix' to "/mingw64"
| if ( test -z "$prefix" || test "x$prefix" = "xNONE" ) && \
|    ( test -z "$exec_prefix" || test "x$exec_prefix" = "xNONE" ); then
|   prefix="${MSYSTEM_PREFIX-/mingw64}" && \
|     ${as_echo-echo} "$config_site_me:${as_lineno-$LINENO}: default prefix set to $prefix" >&5
| fi
config.site:13: default build_alias set to x86_64-w64-mingw32
config.site:20: default prefix set to /mingw64
configure:2581: checking for a BSD-compatible install
configure:2649: result: /usr/bin/install -c
configure:2660: checking whether build environment is sane
configure:2715: result: yes
configure:2866: checking for a thread-safe mkdir -p
configure:2905: result: /usr/bin/mkdir -p
configure:2912: checking for gawk
configure:2928: found /usr/bin/gawk
configure:2939: result: gawk
configure:2950: checking whether make sets $(MAKE)
configure:2972: result: yes
configure:3001: checking whether make supports nested variables
configure:3018: result: yes
configure:3194: checking for gcc
configure:3210: found /mingw64/bin/gcc
configure:3221: result: gcc
configure:3450: checking for C compiler version
configure:3459: gcc --version >&5
gcc.exe (Rev1, Built by MSYS2 project) 10.2.0
Copyright (C) 2020 Free Software Foundation, Inc.
This is free software; see the source for copying conditions.  There is NO
warranty; not even for MERCHANTABILITY or FITNESS FOR A PARTICULAR PURPOSE.

configure:3470: $? = 0
configure:3459: gcc -v >&5
Using built-in specs.
COLLECT_GCC=C:\msys64\mingw64\bin\gcc.exe
COLLECT_LTO_WRAPPER=C:/msys64/mingw64/bin/../lib/gcc/x86_64-w64-mingw32/10.2.0/lto-wrapper.exe
Target: x86_64-w64-mingw32
Configured with: ../gcc-10.2.0/configure --prefix=/mingw64 --with-local-prefix=/mingw64/local --build=x86_64-w64-mingw32 --host=x86_64-w64-mingw32 --target=x86_64-w64-mingw32 --with-native-system-header-dir=/mingw64/x86_64-w64-mingw32/include --libexecdir=/mingw64/lib --enable-bootstrap --with-arch=x86-64 --with-tune=generic --enable-languages=c,lto,c++,fortran,ada,objc,obj-c++ --enable-shared --enable-static --enable-libatomic --enable-threads=posix --enable-graphite --enable-fully-dynamic-string --enable-libstdcxx-filesystem-ts=yes --enable-libstdcxx-time=yes --disable-libstdcxx-pch --disable-libstdcxx-debug --disable-isl-version-check --enable-lto --enable-libgomp --disable-multilib --enable-checking=release --disable-rpath --disable-win32-registry --disable-nls --disable-werror --disable-symvers --disable-plugin --with-libiconv --with-system-zlib --with-gmp=/mingw64 --with-mpfr=/mingw64 --with-mpc=/mingw64 --with-isl=/mingw64 --with-pkgversion='Rev1, Built by MSYS2 project' --with-bugurl=https://github.com/msys2/MINGW-packages/issues --with-gnu-as --with-gnu-ld
Thread model: posix
Supported LTO compression algorithms: zlib zstd
gcc version 10.2.0 (Rev1, Built by MSYS2 project) 
configure:3470: $? = 0
configure:3459: gcc -V >&5
gcc.exe: error: unrecognized command-line option '-V'
gcc.exe: fatal error: no input files
compilation terminated.
configure:3470: $? = 1
configure:3459: gcc -qversion >&5
gcc.exe: error: unrecognized command-line option '-qversion'; did you mean '--version'?
gcc.exe: fatal error: no input files
compilation terminated.
configure:3470: $? = 1
configure:3490: checking whether the C compiler works
configure:3512: gcc    conftest.c  >&5
configure:3516: $? = 0
configure:3564: result: yes
configure:3567: checking for C compiler default output file name
configure:3569: result: a.exe
configure:3575: checking for suffix of executables
configure:3582: gcc -o conftest.exe    conftest.c  >&5
configure:3586: $? = 0
configure:3608: result: .exe
configure:3630: checking whether we are cross compiling
configure:3638: gcc -o conftest.exe    conftest.c  >&5
configure:3642: $? = 0
configure:3649: ./conftest.exe
configure:3653: $? = 0
configure:3668: result: no
configure:3673: checking for suffix of object files
configure:3695: gcc -c   conftest.c >&5
configure:3699: $? = 0
configure:3720: result: o
configure:3724: checking whether we are using the GNU C compiler
configure:3743: gcc -c   conftest.c >&5
configure:3743: $? = 0
configure:3752: result: yes
configure:3761: checking whether gcc accepts -g
configure:3781: gcc -c -g  conftest.c >&5
configure:3781: $? = 0
configure:3822: result: yes
configure:3839: checking for gcc option to accept ISO C89
configure:3902: gcc  -c -g -O2  conftest.c >&5
configure:3902: $? = 0
configure:3915: result: none needed
configure:3940: checking whether gcc understands -c and -o together
configure:3962: gcc -c conftest.c -o conftest2.o
configure:3965: $? = 0
configure:3962: gcc -c conftest.c -o conftest2.o
configure:3965: $? = 0
configure:3977: result: yes
configure:3997: checking whether make supports the include directive
configure:4012: make -f confmf.GNU && cat confinc.out
this is the am__doit target
configure:4015: $? = 0
configure:4034: result: yes (GNU style)
configure:4059: checking dependency style of gcc
configure:4170: result: gcc3
configure:4245: checking for g++
configure:4261: found /mingw64/bin/g++
configure:4272: result: g++
configure:4299: checking for C++ compiler version
configure:4308: g++ --version >&5
g++.exe (Rev1, Built by MSYS2 project) 10.2.0
Copyright (C) 2020 Free Software Foundation, Inc.
This is free software; see the source for copying conditions.  There is NO
warranty; not even for MERCHANTABILITY or FITNESS FOR A PARTICULAR PURPOSE.

configure:4319: $? = 0
configure:4308: g++ -v >&5
Using built-in specs.
COLLECT_GCC=C:\msys64\mingw64\bin\g++.exe
COLLECT_LTO_WRAPPER=C:/msys64/mingw64/bin/../lib/gcc/x86_64-w64-mingw32/10.2.0/lto-wrapper.exe
Target: x86_64-w64-mingw32
Configured with: ../gcc-10.2.0/configure --prefix=/mingw64 --with-local-prefix=/mingw64/local --build=x86_64-w64-mingw32 --host=x86_64-w64-mingw32 --target=x86_64-w64-mingw32 --with-native-system-header-dir=/mingw64/x86_64-w64-mingw32/include --libexecdir=/mingw64/lib --enable-bootstrap --with-arch=x86-64 --with-tune=generic --enable-languages=c,lto,c++,fortran,ada,objc,obj-c++ --enable-shared --enable-static --enable-libatomic --enable-threads=posix --enable-graphite --enable-fully-dynamic-string --enable-libstdcxx-filesystem-ts=yes --enable-libstdcxx-time=yes --disable-libstdcxx-pch --disable-libstdcxx-debug --disable-isl-version-check --enable-lto --enable-libgomp --disable-multilib --enable-checking=release --disable-rpath --disable-win32-registry --disable-nls --disable-werror --disable-symvers --disable-plugin --with-libiconv --with-system-zlib --with-gmp=/mingw64 --with-mpfr=/mingw64 --with-mpc=/mingw64 --with-isl=/mingw64 --with-pkgversion='Rev1, Built by MSYS2 project' --with-bugurl=https://github.com/msys2/MINGW-packages/issues --with-gnu-as --with-gnu-ld
Thread model: posix
Supported LTO compression algorithms: zlib zstd
gcc version 10.2.0 (Rev1, Built by MSYS2 project) 
configure:4319: $? = 0
configure:4308: g++ -V >&5
g++.exe: error: unrecognized command-line option '-V'
g++.exe: fatal error: no input files
compilation terminated.
configure:4319: $? = 1
configure:4308: g++ -qversion >&5
g++.exe: error: unrecognized command-line option '-qversion'; did you mean '--version'?
g++.exe: fatal error: no input files
compilation terminated.
configure:4319: $? = 1
configure:4323: checking whether we are using the GNU C++ compiler
configure:4342: g++ -c   conftest.cpp >&5
configure:4342: $? = 0
configure:4351: result: yes
configure:4360: checking whether g++ accepts -g
configure:4380: g++ -c -g  conftest.cpp >&5
configure:4380: $? = 0
configure:4421: result: yes
configure:4446: checking dependency style of g++
configure:4557: result: gcc3
configure:4576: checking for gawk
configure:4603: result: gawk
configure:4619: checking how to run the C preprocessor
configure:4650: gcc -E  conftest.c
configure:4650: $? = 0
configure:4664: gcc -E  conftest.c
conftest.c:11:10: fatal error: ac_nonexistent.h: No such file or directory
   11 | #include <ac_nonexistent.h>
      |          ^~~~~~~~~~~~~~~~~~
compilation terminated.
configure:4664: $? = 1
configure: failed program was:
| /* confdefs.h */
| #define PACKAGE_NAME "sdk"
| #define PACKAGE_TARNAME "sdk"
| #define PACKAGE_VERSION "1.0.0"
| #define PACKAGE_STRING "sdk 1.0.0"
| #define PACKAGE_BUGREPORT "no-define"
| #define PACKAGE_URL ""
| #define PACKAGE "sdk"
| #define VERSION "1.0.0"
| /* end confdefs.h.  */
| #include <ac_nonexistent.h>
configure:4689: result: gcc -E
configure:4709: gcc -E  conftest.c
configure:4709: $? = 0
configure:4723: gcc -E  conftest.c
conftest.c:11:10: fatal error: ac_nonexistent.h: No such file or directory
   11 | #include <ac_nonexistent.h>
      |          ^~~~~~~~~~~~~~~~~~
compilation terminated.
configure:4723: $? = 1
configure: failed program was:
| /* confdefs.h */
| #define PACKAGE_NAME "sdk"
| #define PACKAGE_TARNAME "sdk"
| #define PACKAGE_VERSION "1.0.0"
| #define PACKAGE_STRING "sdk 1.0.0"
| #define PACKAGE_BUGREPORT "no-define"
| #define PACKAGE_URL ""
| #define PACKAGE "sdk"
| #define VERSION "1.0.0"
| /* end confdefs.h.  */
| #include <ac_nonexistent.h>
configure:4751: checking whether ln -s works
configure:4758: result: no, using cp -pR
configure:4762: checking whether make sets $(MAKE)
configure:4784: result: yes
configure:4836: checking for ranlib
configure:4852: found /mingw64/bin/ranlib
configure:4863: result: ranlib
configure:4894: checking build system type
configure:4908: result: x86_64-w64-mingw32
configure:4928: checking host system type
configure:4941: result: x86_64-w64-mingw32
configure:5008: checking for as
configure:5024: found /mingw64/bin/as
configure:5035: result: as
configure:5100: checking for dlltool
configure:5116: found /mingw64/bin/dlltool
configure:5127: result: dlltool
configure:5192: checking for objdump
configure:5208: found /mingw64/bin/objdump
configure:5219: result: objdump
configure:5310: checking how to print strings
configure:5337: result: printf
configure:5358: checking for a sed that does not truncate output
configure:5422: result: /usr/bin/sed
configure:5440: checking for grep that handles long lines and -e
configure:5498: result: /usr/bin/grep
configure:5503: checking for egrep
configure:5565: result: /usr/bin/grep -E
configure:5570: checking for fgrep
configure:5632: result: /usr/bin/grep -F
configure:5667: checking for ld used by gcc
configure:5734: result: C:/msys64/mingw64/x86_64-w64-mingw32/bin/ld.exe
configure:5741: checking if the linker (C:/msys64/mingw64/x86_64-w64-mingw32/bin/ld.exe) is GNU ld
configure:5756: result: yes
configure:5768: checking for BSD- or MS-compatible name lister (nm)
configure:5822: result: /mingw64/bin/nm -B
configure:5952: checking the name lister (/mingw64/bin/nm -B) interface
configure:5959: gcc -c -g -O2  conftest.c >&5
configure:5962: /mingw64/bin/nm -B "conftest.o"
configure:5965: output
0000000000000000 b .bss
0000000000000000 d .data
0000000000000000 N .debug_abbrev
0000000000000000 N .debug_aranges
0000000000000000 N .debug_info
0000000000000000 N .debug_line
0000000000000000 r .rdata$zzz
0000000000000000 t .text
0000000000000000 B some_variable
configure:5972: result: BSD nm
configure:5976: checking the maximum length of command line arguments
configure:6107: result: 8192
configure:6155: checking how to convert x86_64-w64-mingw32 file names to x86_64-w64-mingw32 format
configure:6195: result: func_convert_file_msys_to_w32
configure:6202: checking how to convert x86_64-w64-mingw32 file names to toolchain format
configure:6222: result: func_convert_file_msys_to_w32
configure:6229: checking for C:/msys64/mingw64/x86_64-w64-mingw32/bin/ld.exe option to reload object files
configure:6236: result: -r
configure:6310: checking for objdump
configure:6337: result: objdump
configure:6366: checking how to recognize dependent libraries
configure:6566: result: file_magic ^x86 archive import|^x86 DLL
configure:6651: checking for dlltool
configure:6678: result: dlltool
configure:6708: checking how to associate runtime and link libraries
configure:6735: result: func_cygming_dll_for_implib
configure:6796: checking for ar
configure:6812: found /mingw64/bin/ar
configure:6823: result: ar
configure:6860: checking for archiver @FILE support
configure:6877: gcc -c -g -O2  conftest.c >&5
configure:6877: $? = 0
configure:6880: ar cru libconftest.a @conftest.lst >&5
configure:6883: $? = 0
configure:6888: ar cru libconftest.a @conftest.lst >&5
C:\msys64\mingw64\bin\ar.exe: conftest.o: No such file or directory
configure:6891: $? = 1
configure:6903: result: @
configure:6961: checking for strip
configure:6977: found /mingw64/bin/strip
configure:6988: result: strip
configure:7060: checking for ranlib
configure:7087: result: ranlib
configure:7189: checking command to parse /mingw64/bin/nm -B output from gcc object
configure:7342: gcc -c -g -O2  conftest.c >&5
configure:7345: $? = 0
configure:7349: /mingw64/bin/nm -B conftest.o \| sed -n -e 's/^.*[ ]\([ABCDGIRSTW][ABCDGIRSTW]*\)[ ][ ]*\([_A-Za-z][_A-Za-z0-9]*\)\{0,1\}$/\1 \2 \2/p' | sed '/ __gnu_lto/d' \> conftest.nm
configure:7352: $? = 0
configure:7418: gcc -o conftest.exe -g -O2   conftest.c conftstm.o >&5
configure:7421: $? = 0
configure:7459: result: ok
configure:7506: checking for sysroot
configure:7536: result: no
configure:7543: checking for a working dd
configure:7581: result: /usr/bin/dd
configure:7585: checking how to truncate binary pipes
configure:7600: result: /usr/bin/dd bs=4096 count=1
configure:7929: checking for mt
configure:7959: result: no
configure:7979: checking if : is a manifest tool
configure:7985: : '-?'
configure:7993: result: no
configure:8666: checking for ANSI C header files
configure:8686: gcc -c -g -O2  conftest.c >&5
configure:8686: $? = 0
configure:8759: gcc -o conftest.exe -g -O2   conftest.c  >&5
configure:8759: $? = 0
configure:8759: ./conftest.exe
configure:8759: $? = 0
configure:8770: result: yes
configure:8783: checking for sys/types.h
configure:8783: gcc -c -g -O2  conftest.c >&5
configure:8783: $? = 0
configure:8783: result: yes
configure:8783: checking for sys/stat.h
configure:8783: gcc -c -g -O2  conftest.c >&5
configure:8783: $? = 0
configure:8783: result: yes
configure:8783: checking for stdlib.h
configure:8783: gcc -c -g -O2  conftest.c >&5
configure:8783: $? = 0
configure:8783: result: yes
configure:8783: checking for string.h
configure:8783: gcc -c -g -O2  conftest.c >&5
configure:8783: $? = 0
configure:8783: result: yes
configure:8783: checking for memory.h
configure:8783: gcc -c -g -O2  conftest.c >&5
configure:8783: $? = 0
configure:8783: result: yes
configure:8783: checking for strings.h
configure:8783: gcc -c -g -O2  conftest.c >&5
configure:8783: $? = 0
configure:8783: result: yes
configure:8783: checking for inttypes.h
configure:8783: gcc -c -g -O2  conftest.c >&5
configure:8783: $? = 0
configure:8783: result: yes
configure:8783: checking for stdint.h
configure:8783: gcc -c -g -O2  conftest.c >&5
configure:8783: $? = 0
configure:8783: result: yes
configure:8783: checking for unistd.h
configure:8783: gcc -c -g -O2  conftest.c >&5
configure:8783: $? = 0
configure:8783: result: yes
configure:8797: checking for dlfcn.h
configure:8797: gcc -c -g -O2  conftest.c >&5
conftest.c:55:10: fatal error: dlfcn.h: No such file or directory
   55 | #include <dlfcn.h>
      |          ^~~~~~~~~
compilation terminated.
configure:8797: $? = 1
configure: failed program was:
| /* confdefs.h */
| #define PACKAGE_NAME "sdk"
| #define PACKAGE_TARNAME "sdk"
| #define PACKAGE_VERSION "1.0.0"
| #define PACKAGE_STRING "sdk 1.0.0"
| #define PACKAGE_BUGREPORT "no-define"
| #define PACKAGE_URL ""
| #define PACKAGE "sdk"
| #define VERSION "1.0.0"
| #define STDC_HEADERS 1
| #define HAVE_SYS_TYPES_H 1
| #define HAVE_SYS_STAT_H 1
| #define HAVE_STDLIB_H 1
| #define HAVE_STRING_H 1
| #define HAVE_MEMORY_H 1
| #define HAVE_STRINGS_H 1
| #define HAVE_INTTYPES_H 1
| #define HAVE_STDINT_H 1
| #define HAVE_UNISTD_H 1
| /* end confdefs.h.  */
| #include <stdio.h>
| #ifdef HAVE_SYS_TYPES_H
| # include <sys/types.h>
| #endif
| #ifdef HAVE_SYS_STAT_H
| # include <sys/stat.h>
| #endif
| #ifdef STDC_HEADERS
| # include <stdlib.h>
| # include <stddef.h>
| #else
| # ifdef HAVE_STDLIB_H
| #  include <stdlib.h>
| # endif
| #endif
| #ifdef HAVE_STRING_H
| # if !defined STDC_HEADERS && defined HAVE_MEMORY_H
| #  include <memory.h>
| # endif
| # include <string.h>
| #endif
| #ifdef HAVE_STRINGS_H
| # include <strings.h>
| #endif
| #ifdef HAVE_INTTYPES_H
| # include <inttypes.h>
| #endif
| #ifdef HAVE_STDINT_H
| # include <stdint.h>
| #endif
| #ifdef HAVE_UNISTD_H
| # include <unistd.h>
| #endif
| 
| #include <dlfcn.h>
configure:8797: result: no
configure:9060: checking for objdir
configure:9075: result: .libs
configure:9339: checking if gcc supports -fno-rtti -fno-exceptions
configure:9357: gcc -c -g -O2  -fno-rtti -fno-exceptions conftest.c >&5
cc1.exe: warning: command-line option '-fno-rtti' is valid for C++/D/ObjC++ but not for C
configure:9361: $? = 0
configure:9374: result: no
configure:9732: checking for gcc option to produce PIC
configure:9739: result: -DDLL_EXPORT -DPIC
configure:9747: checking if gcc PIC flag -DDLL_EXPORT -DPIC works
configure:9765: gcc -c -g -O2  -DDLL_EXPORT -DPIC -DPIC conftest.c >&5
configure:9769: $? = 0
configure:9782: result: yes
configure:9811: checking if gcc static flag -static works
configure:9839: result: yes
configure:9854: checking if gcc supports -c -o file.o
configure:9875: gcc -c -g -O2  -o out/conftest2.o conftest.c >&5
configure:9879: $? = 0
configure:9901: result: yes
configure:9909: checking if gcc supports -c -o file.o
configure:9956: result: yes
configure:9989: checking whether the gcc linker (C:/msys64/mingw64/x86_64-w64-mingw32/bin/ld.exe) supports shared libraries
configure:11249: result: yes
configure:11286: checking whether -lc should be explicitly linked in
configure:11294: gcc -c -g -O2  conftest.c >&5
configure:11297: $? = 0
configure:11312: gcc -shared conftest.o  -v -o ./conftest -Wl,--enable-auto-image-base -Xlinker --out-implib -Xlinker conftest 2\>\&1 \| /usr/bin/grep  -lc  \>/dev/null 2\>\&1
configure:11315: $? = 1
configure:11329: result: yes
configure:11489: checking dynamic linker characteristics
configure:12313: result: Win32 ld.exe
configure:12435: checking how to hardcode library paths into programs
configure:12460: result: immediate
configure:13008: checking whether stripping libraries is possible
configure:13013: result: yes
configure:13048: checking if libtool supports shared libraries
configure:13050: result: yes
configure:13053: checking whether to build shared libraries
configure:13078: result: yes
configure:13081: checking whether to build static libraries
configure:13085: result: yes
configure:13108: checking how to run the C++ preprocessor
configure:13135: g++ -E  conftest.cpp
configure:13135: $? = 0
configure:13149: g++ -E  conftest.cpp
conftest.cpp:22:10: fatal error: ac_nonexistent.h: No such file or directory
   22 | #include <ac_nonexistent.h>
      |          ^~~~~~~~~~~~~~~~~~
compilation terminated.
configure:13149: $? = 1
configure: failed program was:
| /* confdefs.h */
| #define PACKAGE_NAME "sdk"
| #define PACKAGE_TARNAME "sdk"
| #define PACKAGE_VERSION "1.0.0"
| #define PACKAGE_STRING "sdk 1.0.0"
| #define PACKAGE_BUGREPORT "no-define"
| #define PACKAGE_URL ""
| #define PACKAGE "sdk"
| #define VERSION "1.0.0"
| #define STDC_HEADERS 1
| #define HAVE_SYS_TYPES_H 1
| #define HAVE_SYS_STAT_H 1
| #define HAVE_STDLIB_H 1
| #define HAVE_STRING_H 1
| #define HAVE_MEMORY_H 1
| #define HAVE_STRINGS_H 1
| #define HAVE_INTTYPES_H 1
| #define HAVE_STDINT_H 1
| #define HAVE_UNISTD_H 1
| #define LT_OBJDIR ".libs/"
| /* end confdefs.h.  */
| #include <ac_nonexistent.h>
configure:13174: result: g++ -E
configure:13194: g++ -E  conftest.cpp
configure:13194: $? = 0
configure:13208: g++ -E  conftest.cpp
conftest.cpp:22:10: fatal error: ac_nonexistent.h: No such file or directory
   22 | #include <ac_nonexistent.h>
      |          ^~~~~~~~~~~~~~~~~~
compilation terminated.
configure:13208: $? = 1
configure: failed program was:
| /* confdefs.h */
| #define PACKAGE_NAME "sdk"
| #define PACKAGE_TARNAME "sdk"
| #define PACKAGE_VERSION "1.0.0"
| #define PACKAGE_STRING "sdk 1.0.0"
| #define PACKAGE_BUGREPORT "no-define"
| #define PACKAGE_URL ""
| #define PACKAGE "sdk"
| #define VERSION "1.0.0"
| #define STDC_HEADERS 1
| #define HAVE_SYS_TYPES_H 1
| #define HAVE_SYS_STAT_H 1
| #define HAVE_STDLIB_H 1
| #define HAVE_STRING_H 1
| #define HAVE_MEMORY_H 1
| #define HAVE_STRINGS_H 1
| #define HAVE_INTTYPES_H 1
| #define HAVE_STDINT_H 1
| #define HAVE_UNISTD_H 1
| #define LT_OBJDIR ".libs/"
| /* end confdefs.h.  */
| #include <ac_nonexistent.h>
configure:13370: checking for ld used by g++
configure:13437: result: C:/msys64/mingw64/x86_64-w64-mingw32/bin/ld.exe
configure:13444: checking if the linker (C:/msys64/mingw64/x86_64-w64-mingw32/bin/ld.exe) is GNU ld
configure:13459: result: yes
configure:13514: checking whether the g++ linker (C:/msys64/mingw64/x86_64-w64-mingw32/bin/ld.exe) supports shared libraries
configure:14588: result: yes
configure:14624: g++ -c -g -O2  conftest.cpp >&5
configure:14627: $? = 0
configure:15108: checking for g++ option to produce PIC
configure:15115: result: -DDLL_EXPORT -DPIC
configure:15123: checking if g++ PIC flag -DDLL_EXPORT -DPIC works
configure:15141: g++ -c -g -O2  -DDLL_EXPORT -DPIC -DPIC conftest.cpp >&5
configure:15145: $? = 0
configure:15158: result: yes
configure:15181: checking if g++ static flag -static works
configure:15209: result: yes
configure:15221: checking if g++ supports -c -o file.o
configure:15242: g++ -c -g -O2  -o out/conftest2.o conftest.cpp >&5
configure:15246: $? = 0
configure:15268: result: yes
configure:15273: checking if g++ supports -c -o file.o
configure:15320: result: yes
configure:15350: checking whether the g++ linker (C:/msys64/mingw64/x86_64-w64-mingw32/bin/ld.exe) supports shared libraries
configure:15390: result: yes
configure:15531: checking dynamic linker characteristics
configure:16281: result: Win32 ld.exe
configure:16346: checking how to hardcode library paths into programs
configure:16371: result: immediate
configure:16436: checking for main in -ldl
configure:16455: gcc -o conftest.exe -g -O2   conftest.c -ldl   >&5
C:/msys64/mingw64/bin/../lib/gcc/x86_64-w64-mingw32/10.2.0/../../../../x86_64-w64-mingw32/bin/ld.exe: cannot find -ldl
collect2.exe: error: ld returned 1 exit status
configure:16455: $? = 1
configure: failed program was:
| /* confdefs.h */
| #define PACKAGE_NAME "sdk"
| #define PACKAGE_TARNAME "sdk"
| #define PACKAGE_VERSION "1.0.0"
| #define PACKAGE_STRING "sdk 1.0.0"
| #define PACKAGE_BUGREPORT "no-define"
| #define PACKAGE_URL ""
| #define PACKAGE "sdk"
| #define VERSION "1.0.0"
| #define STDC_HEADERS 1
| #define HAVE_SYS_TYPES_H 1
| #define HAVE_SYS_STAT_H 1
| #define HAVE_STDLIB_H 1
| #define HAVE_STRING_H 1
| #define HAVE_MEMORY_H 1
| #define HAVE_STRINGS_H 1
| #define HAVE_INTTYPES_H 1
| #define HAVE_STDINT_H 1
| #define HAVE_UNISTD_H 1
| #define LT_OBJDIR ".libs/"
| /* end confdefs.h.  */
| 
| 
| int
| main ()
| {
| return main ();
|   ;
|   return 0;
| }
configure:16464: result: no
configure:16480: checking for inttypes.h
configure:16480: result: yes
configure:16480: checking for stdint.h
configure:16480: result: yes
configure:16480: checking for stdlib.h
configure:16480: result: yes
configure:16480: checking for string.h
configure:16480: result: yes
configure:16480: checking for unistd.h
configure:16480: result: yes
configure:16493: checking for stdbool.h that conforms to C99
configure:16560: gcc -c -g -O2  conftest.c >&5
configure:16560: $? = 0
configure:16567: result: yes
configure:16569: checking for _Bool
configure:16569: gcc -c -g -O2  conftest.c >&5
configure:16569: $? = 0
configure:16569: gcc -c -g -O2  conftest.c >&5
conftest.c: In function 'main':
conftest.c:63:20: error: expected expression before ')' token
   63 | if (sizeof ((_Bool)))
      |                    ^
configure:16569: $? = 1
configure: failed program was:
| /* confdefs.h */
| #define PACKAGE_NAME "sdk"
| #define PACKAGE_TARNAME "sdk"
| #define PACKAGE_VERSION "1.0.0"
| #define PACKAGE_STRING "sdk 1.0.0"
| #define PACKAGE_BUGREPORT "no-define"
| #define PACKAGE_URL ""
| #define PACKAGE "sdk"
| #define VERSION "1.0.0"
| #define STDC_HEADERS 1
| #define HAVE_SYS_TYPES_H 1
| #define HAVE_SYS_STAT_H 1
| #define HAVE_STDLIB_H 1
| #define HAVE_STRING_H 1
| #define HAVE_MEMORY_H 1
| #define HAVE_STRINGS_H 1
| #define HAVE_INTTYPES_H 1
| #define HAVE_STDINT_H 1
| #define HAVE_UNISTD_H 1
| #define LT_OBJDIR ".libs/"
| #define HAVE_INTTYPES_H 1
| #define HAVE_STDINT_H 1
| #define HAVE_STDLIB_H 1
| #define HAVE_STRING_H 1
| #define HAVE_UNISTD_H 1
| /* end confdefs.h.  */
| #include <stdio.h>
| #ifdef HAVE_SYS_TYPES_H
| # include <sys/types.h>
| #endif
| #ifdef HAVE_SYS_STAT_H
| # include <sys/stat.h>
| #endif
| #ifdef STDC_HEADERS
| # include <stdlib.h>
| # include <stddef.h>
| #else
| # ifdef HAVE_STDLIB_H
| #  include <stdlib.h>
| # endif
| #endif
| #ifdef HAVE_STRING_H
| # if !defined STDC_HEADERS && defined HAVE_MEMORY_H
| #  include <memory.h>
| # endif
| # include <string.h>
| #endif
| #ifdef HAVE_STRINGS_H
| # include <strings.h>
| #endif
| #ifdef HAVE_INTTYPES_H
| # include <inttypes.h>
| #endif
| #ifdef HAVE_STDINT_H
| # include <stdint.h>
| #endif
| #ifdef HAVE_UNISTD_H
| # include <unistd.h>
| #endif
| int
| main ()
| {
| if (sizeof ((_Bool)))
| 	    return 0;
|   ;
|   return 0;
| }
configure:16569: result: yes
configure:16580: checking for int8_t
configure:16580: gcc -c -g -O2  conftest.c >&5
configure:16580: $? = 0
configure:16580: gcc -c -g -O2  conftest.c >&5
conftest.c: In function 'main':
conftest.c:65:12: error: size of array 'test_array' is negative
   65 | static int test_array [1 - 2 * !((int8_t) (((((int8_t) 1 << N) << N) - 1) * 2 + 1)
      |            ^~~~~~~~~~
configure:16580: $? = 1
configure: failed program was:
| /* confdefs.h */
| #define PACKAGE_NAME "sdk"
| #define PACKAGE_TARNAME "sdk"
| #define PACKAGE_VERSION "1.0.0"
| #define PACKAGE_STRING "sdk 1.0.0"
| #define PACKAGE_BUGREPORT "no-define"
| #define PACKAGE_URL ""
| #define PACKAGE "sdk"
| #define VERSION "1.0.0"
| #define STDC_HEADERS 1
| #define HAVE_SYS_TYPES_H 1
| #define HAVE_SYS_STAT_H 1
| #define HAVE_STDLIB_H 1
| #define HAVE_STRING_H 1
| #define HAVE_MEMORY_H 1
| #define HAVE_STRINGS_H 1
| #define HAVE_INTTYPES_H 1
| #define HAVE_STDINT_H 1
| #define HAVE_UNISTD_H 1
| #define LT_OBJDIR ".libs/"
| #define HAVE_INTTYPES_H 1
| #define HAVE_STDINT_H 1
| #define HAVE_STDLIB_H 1
| #define HAVE_STRING_H 1
| #define HAVE_UNISTD_H 1
| #define HAVE__BOOL 1
| /* end confdefs.h.  */
| #include <stdio.h>
| #ifdef HAVE_SYS_TYPES_H
| # include <sys/types.h>
| #endif
| #ifdef HAVE_SYS_STAT_H
| # include <sys/stat.h>
| #endif
| #ifdef STDC_HEADERS
| # include <stdlib.h>
| # include <stddef.h>
| #else
| # ifdef HAVE_STDLIB_H
| #  include <stdlib.h>
| # endif
| #endif
| #ifdef HAVE_STRING_H
| # if !defined STDC_HEADERS && defined HAVE_MEMORY_H
| #  include <memory.h>
| # endif
| # include <string.h>
| #endif
| #ifdef HAVE_STRINGS_H
| # include <strings.h>
| #endif
| #ifdef HAVE_INTTYPES_H
| # include <inttypes.h>
| #endif
| #ifdef HAVE_STDINT_H
| # include <stdint.h>
| #endif
| #ifdef HAVE_UNISTD_H
| # include <unistd.h>
| #endif
| 	        enum { N = 8 / 2 - 1 };
| int
| main ()
| {
| static int test_array [1 - 2 * !((int8_t) (((((int8_t) 1 << N) << N) - 1) * 2 + 1)
| 		 < (int8_t) (((((int8_t) 1 << N) << N) - 1) * 2 + 2))];
| test_array [0] = 0;
| return test_array [0];
| 
|   ;
|   return 0;
| }
configure:16580: result: yes
configure:16591: checking for uint8_t
configure:16591: gcc -c -g -O2  conftest.c >&5
configure:16591: $? = 0
configure:16591: result: yes
configure:16605: checking for int16_t
configure:16605: gcc -c -g -O2  conftest.c >&5
configure:16605: $? = 0
configure:16605: gcc -c -g -O2  conftest.c >&5
conftest.c: In function 'main':
conftest.c:65:12: error: size of array 'test_array' is negative
   65 | static int test_array [1 - 2 * !((int16_t) (((((int16_t) 1 << N) << N) - 1) * 2 + 1)
      |            ^~~~~~~~~~
configure:16605: $? = 1
configure: failed program was:
| /* confdefs.h */
| #define PACKAGE_NAME "sdk"
| #define PACKAGE_TARNAME "sdk"
| #define PACKAGE_VERSION "1.0.0"
| #define PACKAGE_STRING "sdk 1.0.0"
| #define PACKAGE_BUGREPORT "no-define"
| #define PACKAGE_URL ""
| #define PACKAGE "sdk"
| #define VERSION "1.0.0"
| #define STDC_HEADERS 1
| #define HAVE_SYS_TYPES_H 1
| #define HAVE_SYS_STAT_H 1
| #define HAVE_STDLIB_H 1
| #define HAVE_STRING_H 1
| #define HAVE_MEMORY_H 1
| #define HAVE_STRINGS_H 1
| #define HAVE_INTTYPES_H 1
| #define HAVE_STDINT_H 1
| #define HAVE_UNISTD_H 1
| #define LT_OBJDIR ".libs/"
| #define HAVE_INTTYPES_H 1
| #define HAVE_STDINT_H 1
| #define HAVE_STDLIB_H 1
| #define HAVE_STRING_H 1
| #define HAVE_UNISTD_H 1
| #define HAVE__BOOL 1
| /* end confdefs.h.  */
| #include <stdio.h>
| #ifdef HAVE_SYS_TYPES_H
| # include <sys/types.h>
| #endif
| #ifdef HAVE_SYS_STAT_H
| # include <sys/stat.h>
| #endif
| #ifdef STDC_HEADERS
| # include <stdlib.h>
| # include <stddef.h>
| #else
| # ifdef HAVE_STDLIB_H
| #  include <stdlib.h>
| # endif
| #endif
| #ifdef HAVE_STRING_H
| # if !defined STDC_HEADERS && defined HAVE_MEMORY_H
| #  include <memory.h>
| # endif
| # include <string.h>
| #endif
| #ifdef HAVE_STRINGS_H
| # include <strings.h>
| #endif
| #ifdef HAVE_INTTYPES_H
| # include <inttypes.h>
| #endif
| #ifdef HAVE_STDINT_H
| # include <stdint.h>
| #endif
| #ifdef HAVE_UNISTD_H
| # include <unistd.h>
| #endif
| 	        enum { N = 16 / 2 - 1 };
| int
| main ()
| {
| static int test_array [1 - 2 * !((int16_t) (((((int16_t) 1 << N) << N) - 1) * 2 + 1)
| 		 < (int16_t) (((((int16_t) 1 << N) << N) - 1) * 2 + 2))];
| test_array [0] = 0;
| return test_array [0];
| 
|   ;
|   return 0;
| }
configure:16605: result: yes
configure:16616: checking for uint16_t
configure:16616: gcc -c -g -O2  conftest.c >&5
configure:16616: $? = 0
configure:16616: result: yes
configure:16628: checking for int32_t
configure:16628: gcc -c -g -O2  conftest.c >&5
configure:16628: $? = 0
configure:16628: gcc -c -g -O2  conftest.c >&5
conftest.c: In function 'main':
conftest.c:66:53: warning: integer overflow in expression of type 'int' results in '-2147483648' [-Woverflow]
   66 |    < (int32_t) (((((int32_t) 1 << N) << N) - 1) * 2 + 2))];
      |                                                     ^
conftest.c:65:12: error: storage size of 'test_array' isn't constant
   65 | static int test_array [1 - 2 * !((int32_t) (((((int32_t) 1 << N) << N) - 1) * 2 + 1)
      |            ^~~~~~~~~~
configure:16628: $? = 1
configure: failed program was:
| /* confdefs.h */
| #define PACKAGE_NAME "sdk"
| #define PACKAGE_TARNAME "sdk"
| #define PACKAGE_VERSION "1.0.0"
| #define PACKAGE_STRING "sdk 1.0.0"
| #define PACKAGE_BUGREPORT "no-define"
| #define PACKAGE_URL ""
| #define PACKAGE "sdk"
| #define VERSION "1.0.0"
| #define STDC_HEADERS 1
| #define HAVE_SYS_TYPES_H 1
| #define HAVE_SYS_STAT_H 1
| #define HAVE_STDLIB_H 1
| #define HAVE_STRING_H 1
| #define HAVE_MEMORY_H 1
| #define HAVE_STRINGS_H 1
| #define HAVE_INTTYPES_H 1
| #define HAVE_STDINT_H 1
| #define HAVE_UNISTD_H 1
| #define LT_OBJDIR ".libs/"
| #define HAVE_INTTYPES_H 1
| #define HAVE_STDINT_H 1
| #define HAVE_STDLIB_H 1
| #define HAVE_STRING_H 1
| #define HAVE_UNISTD_H 1
| #define HAVE__BOOL 1
| /* end confdefs.h.  */
| #include <stdio.h>
| #ifdef HAVE_SYS_TYPES_H
| # include <sys/types.h>
| #endif
| #ifdef HAVE_SYS_STAT_H
| # include <sys/stat.h>
| #endif
| #ifdef STDC_HEADERS
| # include <stdlib.h>
| # include <stddef.h>
| #else
| # ifdef HAVE_STDLIB_H
| #  include <stdlib.h>
| # endif
| #endif
| #ifdef HAVE_STRING_H
| # if !defined STDC_HEADERS && defined HAVE_MEMORY_H
| #  include <memory.h>
| # endif
| # include <string.h>
| #endif
| #ifdef HAVE_STRINGS_H
| # include <strings.h>
| #endif
| #ifdef HAVE_INTTYPES_H
| # include <inttypes.h>
| #endif
| #ifdef HAVE_STDINT_H
| # include <stdint.h>
| #endif
| #ifdef HAVE_UNISTD_H
| # include <unistd.h>
| #endif
| 	        enum { N = 32 / 2 - 1 };
| int
| main ()
| {
| static int test_array [1 - 2 * !((int32_t) (((((int32_t) 1 << N) << N) - 1) * 2 + 1)
| 		 < (int32_t) (((((int32_t) 1 << N) << N) - 1) * 2 + 2))];
| test_array [0] = 0;
| return test_array [0];
| 
|   ;
|   return 0;
| }
configure:16628: result: yes
configure:16639: checking for uint32_t
configure:16639: gcc -c -g -O2  conftest.c >&5
configure:16639: $? = 0
configure:16639: result: yes
configure:16657: checking for stdlib.h
configure:16657: result: yes
configure:16667: checking for GNU libc compatible malloc
configure:16691: gcc -o conftest.exe -g -O2   conftest.c  >&5
configure:16691: $? = 0
configure:16691: ./conftest.exe
configure:16691: $? = 0
configure:16701: result: yes
configure:16725: checking for strtol
configure:16725: gcc -o conftest.exe -g -O2   conftest.c  >&5
configure:16725: $? = 0
configure:16725: result: yes
configure:16725: checking for strtoul
configure:16725: gcc -o conftest.exe -g -O2   conftest.c  >&5
configure:16725: $? = 0
configure:16725: result: yes
configure:16846: checking that generated files are newer than configure
configure:16852: result: done
configure:16879: creating ./config.status

## ---------------------- ##
## Running config.status. ##
## ---------------------- ##

This file was extended by sdk config.status 1.0.0, which was
generated by GNU Autoconf 2.69.  Invocation command line was

  CONFIG_FILES    = 
  CONFIG_HEADERS  = 
  CONFIG_LINKS    = 
  CONFIG_COMMANDS = 
  $ ./config.status 

on LAPTOP-DRUP8OO9

config.status:1181: creating Makefile
config.status:1181: creating src/Makefile
config.status:1181: creating src/al/Makefile
config.status:1181: creating src/common/Makefile
config.status:1181: creating src/il/Makefile
config.status:1181: creating src/pl/Makefile
config.status:1181: creating config.h
config.status:1410: executing depfiles commands
config.status:1487: cd src/al       && sed -e '/# am--include-marker/d' Makefile         | make -f - am--depfiles
config.status:1492: $? = 0
config.status:1487: cd src/common       && sed -e '/# am--include-marker/d' Makefile         | make -f - am--depfiles
config.status:1492: $? = 0
config.status:1487: cd src/il       && sed -e '/# am--include-marker/d' Makefile         | make -f - am--depfiles
config.status:1492: $? = 0
config.status:1487: cd src/pl       && sed -e '/# am--include-marker/d' Makefile         | make -f - am--depfiles
config.status:1492: $? = 0
config.status:1410: executing libtool commands

## ---------------- ##
## Cache variables. ##
## ---------------- ##

ac_cv_build=x86_64-w64-mingw32
ac_cv_c_compiler_gnu=yes
ac_cv_c_int16_t=yes
ac_cv_c_int32_t=yes
ac_cv_c_int8_t=yes
ac_cv_c_uint16_t=yes
ac_cv_c_uint32_t=yes
ac_cv_c_uint8_t=yes
ac_cv_cxx_compiler_gnu=yes
ac_cv_env_CCC_set=
ac_cv_env_CCC_value=
ac_cv_env_CC_set=
ac_cv_env_CC_value=
ac_cv_env_CFLAGS_set=
ac_cv_env_CFLAGS_value=
ac_cv_env_CPPFLAGS_set=
ac_cv_env_CPPFLAGS_value=
ac_cv_env_CPP_set=
ac_cv_env_CPP_value=
ac_cv_env_CXXCPP_set=
ac_cv_env_CXXCPP_value=
ac_cv_env_CXXFLAGS_set=
ac_cv_env_CXXFLAGS_value=
ac_cv_env_CXX_set=
ac_cv_env_CXX_value=
ac_cv_env_LDFLAGS_set=
ac_cv_env_LDFLAGS_value=
ac_cv_env_LIBS_set=
ac_cv_env_LIBS_value=
ac_cv_env_LT_SYS_LIBRARY_PATH_set=
ac_cv_env_LT_SYS_LIBRARY_PATH_value=
ac_cv_env_build_alias_set=
ac_cv_env_build_alias_value=
ac_cv_env_host_alias_set=
ac_cv_env_host_alias_value=
ac_cv_env_target_alias_set=
ac_cv_env_target_alias_value=
ac_cv_exeext=.exe
ac_cv_func_malloc_0_nonnull=yes
ac_cv_func_strtol=yes
ac_cv_func_strtoul=yes
ac_cv_header_dlfcn_h=no
ac_cv_header_inttypes_h=yes
ac_cv_header_memory_h=yes
ac_cv_header_stdbool_h=yes
ac_cv_header_stdc=yes
ac_cv_header_stdint_h=yes
ac_cv_header_stdlib_h=yes
ac_cv_header_string_h=yes
ac_cv_header_strings_h=yes
ac_cv_header_sys_stat_h=yes
ac_cv_header_sys_types_h=yes
ac_cv_header_unistd_h=yes
ac_cv_host=x86_64-w64-mingw32
ac_cv_lib_dl_main=no
ac_cv_objext=o
ac_cv_path_EGREP='/usr/bin/grep -E'
ac_cv_path_FGREP='/usr/bin/grep -F'
ac_cv_path_GREP=/usr/bin/grep
ac_cv_path_SED=/usr/bin/sed
ac_cv_path_install='/usr/bin/install -c'
ac_cv_path_lt_DD=/usr/bin/dd
ac_cv_path_mkdir=/usr/bin/mkdir
ac_cv_prog_AWK=gawk
ac_cv_prog_CPP='gcc -E'
ac_cv_prog_CXXCPP='g++ -E'
ac_cv_prog_ac_ct_AR=ar
ac_cv_prog_ac_ct_AS=as
ac_cv_prog_ac_ct_CC=gcc
ac_cv_prog_ac_ct_CXX=g++
ac_cv_prog_ac_ct_DLLTOOL=dlltool
ac_cv_prog_ac_ct_OBJDUMP=objdump
ac_cv_prog_ac_ct_RANLIB=ranlib
ac_cv_prog_ac_ct_STRIP=strip
ac_cv_prog_cc_c89=
ac_cv_prog_cc_g=yes
ac_cv_prog_cxx_g=yes
ac_cv_prog_make_make_set=yes
ac_cv_type__Bool=yes
am_cv_CC_dependencies_compiler_type=gcc3
am_cv_CXX_dependencies_compiler_type=gcc3
am_cv_make_support_nested_variables=yes
am_cv_prog_cc_c_o=yes
lt_cv_ar_at_file=@
lt_cv_archive_cmds_need_lc=yes
lt_cv_deplibs_check_method='file_magic ^x86 archive import|^x86 DLL'
lt_cv_dlopen=LoadLibrary
lt_cv_dlopen_libs=
lt_cv_file_magic_cmd=func_win32_libid
lt_cv_file_magic_test_file=
lt_cv_ld_reload_flag=-r
lt_cv_nm_interface='BSD nm'
lt_cv_objdir=.libs
lt_cv_path_LD=C:/msys64/mingw64/x86_64-w64-mingw32/bin/ld.exe
lt_cv_path_LDCXX=C:/msys64/mingw64/x86_64-w64-mingw32/bin/ld.exe
lt_cv_path_NM='/mingw64/bin/nm -B'
lt_cv_path_mainfest_tool=no
lt_cv_prog_compiler_c_o=yes
lt_cv_prog_compiler_c_o_CXX=yes
lt_cv_prog_compiler_pic='-DDLL_EXPORT -DPIC'
lt_cv_prog_compiler_pic_CXX='-DDLL_EXPORT -DPIC'
lt_cv_prog_compiler_pic_works=yes
lt_cv_prog_compiler_pic_works_CXX=yes
lt_cv_prog_compiler_rtti_exceptions=no
lt_cv_prog_compiler_static_works=yes
lt_cv_prog_compiler_static_works_CXX=yes
lt_cv_prog_gnu_ld=yes
lt_cv_prog_gnu_ldcxx=yes
lt_cv_sharedlib_from_linklib_cmd=func_cygming_dll_for_implib
lt_cv_sys_global_symbol_pipe='sed -n -e '\''s/^.*[	 ]\([ABCDGIRSTW][ABCDGIRSTW]*\)[	 ][	 ]*\([_A-Za-z][_A-Za-z0-9]*\)\{0,1\}$/\1 \2 \2/p'\'' | sed '\''/ __gnu_lto/d'\'''
lt_cv_sys_global_symbol_to_c_name_address='sed -n -e '\''s/^: \(.*\) .*$/  {"\1", (void *) 0},/p'\'' -e '\''s/^[ABCDGIRSTW][ABCDGIRSTW]* .* \(.*\)$/  {"\1", (void *) \&\1},/p'\'''
lt_cv_sys_global_symbol_to_c_name_address_lib_prefix='sed -n -e '\''s/^: \(.*\) .*$/  {"\1", (void *) 0},/p'\'' -e '\''s/^[ABCDGIRSTW][ABCDGIRSTW]* .* \(lib.*\)$/  {"\1", (void *) \&\1},/p'\'' -e '\''s/^[ABCDGIRSTW][ABCDGIRSTW]* .* \(.*\)$/  {"lib\1", (void *) \&\1},/p'\'''
lt_cv_sys_global_symbol_to_cdecl='sed -n -e '\''s/^T .* \(.*\)$/extern int \1();/p'\'' -e '\''s/^[ABCDGIRSTW][ABCDGIRSTW]* .* \(.*\)$/extern char \1;/p'\'''
lt_cv_sys_global_symbol_to_import=
lt_cv_sys_max_cmd_len=8192
lt_cv_to_host_file_cmd=func_convert_file_msys_to_w32
lt_cv_to_tool_file_cmd=func_convert_file_msys_to_w32
lt_cv_truncate_bin='/usr/bin/dd bs=4096 count=1'

## ----------------- ##
## Output variables. ##
## ----------------- ##

ACLOCAL='${SHELL} /home/birro/project/test1/missing aclocal-1.16'
AMDEPBACKSLASH='\'
AMDEP_FALSE='#'
AMDEP_TRUE=''
AMTAR='$${TAR-tar}'
AM_BACKSLASH='\'
AM_DEFAULT_V='$(AM_DEFAULT_VERBOSITY)'
AM_DEFAULT_VERBOSITY='1'
AM_V='$(V)'
AR='ar'
AS='as'
AUTOCONF='${SHELL} /home/birro/project/test1/missing autoconf'
AUTOHEADER='${SHELL} /home/birro/project/test1/missing autoheader'
AUTOMAKE='${SHELL} /home/birro/project/test1/missing automake-1.16'
AWK='gawk'
CC='gcc'
CCDEPMODE='depmode=gcc3'
CFLAGS='-g -O2'
CPP='gcc -E'
CPPFLAGS=''
CXX='g++'
CXXCPP='g++ -E'
CXXDEPMODE='depmode=gcc3'
CXXFLAGS='-g -O2'
CYGPATH_W='cygpath -w'
DEFS='-DHAVE_CONFIG_H'
DEPDIR='.deps'
DLLTOOL='dlltool'
DSYMUTIL=''
DUMPBIN=''
ECHO_C=''
ECHO_N='-n'
ECHO_T=''
EGREP='/usr/bin/grep -E'
EXEEXT='.exe'
FGREP='/usr/bin/grep -F'
GREP='/usr/bin/grep'
INSTALL_DATA='${INSTALL} -m 644'
INSTALL_PROGRAM='${INSTALL}'
INSTALL_SCRIPT='${INSTALL}'
INSTALL_STRIP_PROGRAM='$(install_sh) -c -s'
LD='C:/msys64/mingw64/x86_64-w64-mingw32/bin/ld.exe'
LDFLAGS=''
LIBOBJS=''
LIBS=''
LIBTOOL='$(SHELL) $(top_builddir)/libtool'
LIPO=''
LN_S='cp -pR'
LTLIBOBJS=''
LT_SYS_LIBRARY_PATH=''
MAKEINFO='${SHELL} /home/birro/project/test1/missing makeinfo'
MANIFEST_TOOL=':'
MKDIR_P='/usr/bin/mkdir -p'
NM='/mingw64/bin/nm -B'
NMEDIT=''
OBJDUMP='objdump'
OBJEXT='o'
OTOOL64=''
OTOOL=''
PACKAGE='sdk'
PACKAGE_BUGREPORT='no-define'
PACKAGE_NAME='sdk'
PACKAGE_STRING='sdk 1.0.0'
PACKAGE_TARNAME='sdk'
PACKAGE_URL=''
PACKAGE_VERSION='1.0.0'
PATH_SEPARATOR=':'
RANLIB='ranlib'
SED='/usr/bin/sed'
SET_MAKE=''
SHELL='/bin/sh'
STRIP='strip'
VERSION='1.0.0'
ac_ct_AR='ar'
ac_ct_CC='gcc'
ac_ct_CXX='g++'
ac_ct_DUMPBIN=''
am__EXEEXT_FALSE='#'
am__EXEEXT_TRUE=''
am__fastdepCC_FALSE='#'
am__fastdepCC_TRUE=''
am__fastdepCXX_FALSE='#'
am__fastdepCXX_TRUE=''
am__include='include'
am__isrc=''
am__leading_dot='.'
am__nodep='_no'
am__quote=''
am__tar='$${TAR-tar} chof - "$$tardir"'
am__untar='$${TAR-tar} xf -'
bindir='${exec_prefix}/bin'
build='x86_64-w64-mingw32'
build_alias='x86_64-w64-mingw32'
build_cpu='x86_64'
build_os='mingw32'
build_vendor='w64'
datadir='${datarootdir}'
datarootdir='${prefix}/share'
docdir='${datarootdir}/doc/${PACKAGE_TARNAME}'
dvidir='${docdir}'
exec_prefix='${prefix}'
host='x86_64-w64-mingw32'
host_alias=''
host_cpu='x86_64'
host_os='mingw32'
host_vendor='w64'
htmldir='${docdir}'
includedir='${prefix}/include'
infodir='${datarootdir}/info'
install_sh='${SHELL} /home/birro/project/test1/install-sh'
libdir='${exec_prefix}/lib'
libexecdir='${exec_prefix}/libexec'
localedir='${datarootdir}/locale'
localstatedir='${prefix}/var'
mandir='${datarootdir}/man'
mkdir_p='$(MKDIR_P)'
oldincludedir='/usr/include'
pdfdir='${docdir}'
prefix='/mingw64'
program_transform_name='s,x,x,'
psdir='${docdir}'
sbindir='${exec_prefix}/sbin'
sharedstatedir='${prefix}/com'
sysconfdir='${prefix}/etc'
target_alias=''

## ----------- ##
## confdefs.h. ##
## ----------- ##

/* confdefs.h */
#define PACKAGE_NAME "sdk"
#define PACKAGE_TARNAME "sdk"
#define PACKAGE_VERSION "1.0.0"
#define PACKAGE_STRING "sdk 1.0.0"
#define PACKAGE_BUGREPORT "no-define"
#define PACKAGE_URL ""
#define PACKAGE "sdk"
#define VERSION "1.0.0"
#define STDC_HEADERS 1
#define HAVE_SYS_TYPES_H 1
#define HAVE_SYS_STAT_H 1
#define HAVE_STDLIB_H 1
#define HAVE_STRING_H 1
#define HAVE_MEMORY_H 1
#define HAVE_STRINGS_H 1
#define HAVE_INTTYPES_H 1
#define HAVE_STDINT_H 1
#define HAVE_UNISTD_H 1
#define LT_OBJDIR ".libs/"
#define HAVE_INTTYPES_H 1
#define HAVE_STDINT_H 1
#define HAVE_STDLIB_H 1
#define HAVE_STRING_H 1
#define HAVE_UNISTD_H 1
#define HAVE__BOOL 1
#define HAVE_STDLIB_H 1
#define HAVE_MALLOC 1
#define HAVE_STRTOL 1
#define HAVE_STRTOUL 1

configure: exit 0
